[debug] [2025-04-09T02:32:36.683Z] ----------------------------------------------------------------------
[debug] [2025-04-09T02:32:36.690Z] Command:       /usr/local/bin/node /usr/local/bin/firebase deploy --only functions
[debug] [2025-04-09T02:32:36.690Z] CLI Version:   13.34.0
[debug] [2025-04-09T02:32:36.690Z] Platform:      darwin
[debug] [2025-04-09T02:32:36.690Z] Node Version:  v22.13.0
[debug] [2025-04-09T02:32:36.691Z] Time:          Wed Apr 09 2025 11:32:36 GMT+0900 (Korean Standard Time)
[debug] [2025-04-09T02:32:36.691Z] ----------------------------------------------------------------------
[debug] 
[debug] [2025-04-09T02:32:36.771Z] > command requires scopes: ["email","openid","https://www.googleapis.com/auth/cloudplatformprojects.readonly","https://www.googleapis.com/auth/firebase","https://www.googleapis.com/auth/cloud-platform"]
[debug] [2025-04-09T02:32:36.772Z] > authorizing via signed-in user (a856412@ajou.ac.kr)
[debug] [2025-04-09T02:32:36.772Z] [iam] checking project ajou-project-cafd9 for permissions ["cloudfunctions.functions.create","cloudfunctions.functions.delete","cloudfunctions.functions.get","cloudfunctions.functions.list","cloudfunctions.functions.update","cloudfunctions.operations.get","firebase.projects.get"]
[debug] [2025-04-09T02:32:36.772Z] Checked if tokens are valid: true, expires at: 1744168096536
[debug] [2025-04-09T02:32:36.772Z] Checked if tokens are valid: true, expires at: 1744168096536
[debug] [2025-04-09T02:32:36.773Z] >>> [apiv2][query] POST https://cloudresourcemanager.googleapis.com/v1/projects/ajou-project-cafd9:testIamPermissions [none]
[debug] [2025-04-09T02:32:36.773Z] >>> [apiv2][(partial)header] POST https://cloudresourcemanager.googleapis.com/v1/projects/ajou-project-cafd9:testIamPermissions x-goog-quota-user=projects/ajou-project-cafd9
[debug] [2025-04-09T02:32:36.773Z] >>> [apiv2][body] POST https://cloudresourcemanager.googleapis.com/v1/projects/ajou-project-cafd9:testIamPermissions {"permissions":["cloudfunctions.functions.create","cloudfunctions.functions.delete","cloudfunctions.functions.get","cloudfunctions.functions.list","cloudfunctions.functions.update","cloudfunctions.operations.get","firebase.projects.get"]}
[debug] [2025-04-09T02:32:37.674Z] <<< [apiv2][status] POST https://cloudresourcemanager.googleapis.com/v1/projects/ajou-project-cafd9:testIamPermissions 200
[debug] [2025-04-09T02:32:37.674Z] <<< [apiv2][body] POST https://cloudresourcemanager.googleapis.com/v1/projects/ajou-project-cafd9:testIamPermissions {"permissions":["cloudfunctions.functions.create","cloudfunctions.functions.delete","cloudfunctions.functions.get","cloudfunctions.functions.list","cloudfunctions.functions.update","cloudfunctions.operations.get","firebase.projects.get"]}
[debug] [2025-04-09T02:32:37.675Z] Checked if tokens are valid: true, expires at: 1744168096536
[debug] [2025-04-09T02:32:37.675Z] Checked if tokens are valid: true, expires at: 1744168096536
[debug] [2025-04-09T02:32:37.675Z] >>> [apiv2][query] POST https://iam.googleapis.com/v1/projects/ajou-project-cafd9/serviceAccounts/ajou-project-cafd9@appspot.gserviceaccount.com:testIamPermissions [none]
[debug] [2025-04-09T02:32:37.675Z] >>> [apiv2][body] POST https://iam.googleapis.com/v1/projects/ajou-project-cafd9/serviceAccounts/ajou-project-cafd9@appspot.gserviceaccount.com:testIamPermissions {"permissions":["iam.serviceAccounts.actAs"]}
[debug] [2025-04-09T02:32:38.813Z] <<< [apiv2][status] POST https://iam.googleapis.com/v1/projects/ajou-project-cafd9/serviceAccounts/ajou-project-cafd9@appspot.gserviceaccount.com:testIamPermissions 200
[debug] [2025-04-09T02:32:38.814Z] <<< [apiv2][body] POST https://iam.googleapis.com/v1/projects/ajou-project-cafd9/serviceAccounts/ajou-project-cafd9@appspot.gserviceaccount.com:testIamPermissions {"permissions":["iam.serviceAccounts.actAs"]}
[info] 
[info] === Deploying to 'ajou-project-cafd9'...
[info] 
[info] i  deploying functions 
[info] Running command: npm --prefix "$RESOURCE_DIR" run lint
[info] ✔  functions: Finished running predeploy script. 
[debug] [2025-04-09T02:32:39.051Z] Checked if tokens are valid: true, expires at: 1744168096536
[debug] [2025-04-09T02:32:39.052Z] Checked if tokens are valid: true, expires at: 1744168096536
[debug] [2025-04-09T02:32:39.052Z] >>> [apiv2][query] GET https://cloudresourcemanager.googleapis.com/v1/projects/ajou-project-cafd9 [none]
[debug] [2025-04-09T02:32:39.279Z] <<< [apiv2][status] GET https://cloudresourcemanager.googleapis.com/v1/projects/ajou-project-cafd9 200
[debug] [2025-04-09T02:32:39.280Z] <<< [apiv2][body] GET https://cloudresourcemanager.googleapis.com/v1/projects/ajou-project-cafd9 {"projectNumber":"926871086070","projectId":"ajou-project-cafd9","lifecycleState":"ACTIVE","name":"ajou-project","labels":{"firebase":"enabled","firebase-core":"disabled"},"createTime":"2025-02-03T07:46:26.936926Z","parent":{"type":"organization","id":"493975592001"}}
[info] i  functions: preparing codebase default for deployment 
[info] i  functions: ensuring required API cloudfunctions.googleapis.com is enabled... 
[debug] [2025-04-09T02:32:39.282Z] Checked if tokens are valid: true, expires at: 1744168096536
[debug] [2025-04-09T02:32:39.282Z] Checked if tokens are valid: true, expires at: 1744168096536
[debug] [2025-04-09T02:32:39.282Z] Checked if tokens are valid: true, expires at: 1744168096536
[debug] [2025-04-09T02:32:39.282Z] Checked if tokens are valid: true, expires at: 1744168096536
[info] i  functions: ensuring required API cloudbuild.googleapis.com is enabled... 
[debug] [2025-04-09T02:32:39.282Z] Checked if tokens are valid: true, expires at: 1744168096536
[debug] [2025-04-09T02:32:39.282Z] Checked if tokens are valid: true, expires at: 1744168096536
[info] i  artifactregistry: ensuring required API artifactregistry.googleapis.com is enabled... 
[debug] [2025-04-09T02:32:39.283Z] Checked if tokens are valid: true, expires at: 1744168096536
[debug] [2025-04-09T02:32:39.283Z] Checked if tokens are valid: true, expires at: 1744168096536
[debug] [2025-04-09T02:32:39.283Z] >>> [apiv2][query] GET https://serviceusage.googleapis.com/v1/projects/ajou-project-cafd9/services/cloudfunctions.googleapis.com [none]
[debug] [2025-04-09T02:32:39.283Z] >>> [apiv2][(partial)header] GET https://serviceusage.googleapis.com/v1/projects/ajou-project-cafd9/services/cloudfunctions.googleapis.com x-goog-quota-user=projects/ajou-project-cafd9
[debug] [2025-04-09T02:32:39.285Z] >>> [apiv2][query] GET https://serviceusage.googleapis.com/v1/projects/ajou-project-cafd9/services/runtimeconfig.googleapis.com [none]
[debug] [2025-04-09T02:32:39.285Z] >>> [apiv2][(partial)header] GET https://serviceusage.googleapis.com/v1/projects/ajou-project-cafd9/services/runtimeconfig.googleapis.com x-goog-quota-user=projects/ajou-project-cafd9
[debug] [2025-04-09T02:32:39.286Z] >>> [apiv2][query] GET https://serviceusage.googleapis.com/v1/projects/ajou-project-cafd9/services/cloudbuild.googleapis.com [none]
[debug] [2025-04-09T02:32:39.287Z] >>> [apiv2][(partial)header] GET https://serviceusage.googleapis.com/v1/projects/ajou-project-cafd9/services/cloudbuild.googleapis.com x-goog-quota-user=projects/ajou-project-cafd9
[debug] [2025-04-09T02:32:39.288Z] >>> [apiv2][query] GET https://serviceusage.googleapis.com/v1/projects/ajou-project-cafd9/services/artifactregistry.googleapis.com [none]
[debug] [2025-04-09T02:32:39.288Z] >>> [apiv2][(partial)header] GET https://serviceusage.googleapis.com/v1/projects/ajou-project-cafd9/services/artifactregistry.googleapis.com x-goog-quota-user=projects/ajou-project-cafd9
[debug] [2025-04-09T02:32:40.520Z] <<< [apiv2][status] GET https://serviceusage.googleapis.com/v1/projects/ajou-project-cafd9/services/cloudbuild.googleapis.com 200
[debug] [2025-04-09T02:32:40.521Z] <<< [apiv2][body] GET https://serviceusage.googleapis.com/v1/projects/ajou-project-cafd9/services/cloudbuild.googleapis.com [omitted]
[info] ✔  functions: required API cloudbuild.googleapis.com is enabled 
[debug] [2025-04-09T02:32:40.523Z] <<< [apiv2][status] GET https://serviceusage.googleapis.com/v1/projects/ajou-project-cafd9/services/runtimeconfig.googleapis.com 200
[debug] [2025-04-09T02:32:40.523Z] <<< [apiv2][body] GET https://serviceusage.googleapis.com/v1/projects/ajou-project-cafd9/services/runtimeconfig.googleapis.com [omitted]
[debug] [2025-04-09T02:32:40.525Z] <<< [apiv2][status] GET https://serviceusage.googleapis.com/v1/projects/ajou-project-cafd9/services/cloudfunctions.googleapis.com 200
[debug] [2025-04-09T02:32:40.525Z] <<< [apiv2][body] GET https://serviceusage.googleapis.com/v1/projects/ajou-project-cafd9/services/cloudfunctions.googleapis.com [omitted]
[info] ✔  functions: required API cloudfunctions.googleapis.com is enabled 
[debug] [2025-04-09T02:32:40.530Z] <<< [apiv2][status] GET https://serviceusage.googleapis.com/v1/projects/ajou-project-cafd9/services/artifactregistry.googleapis.com 200
[debug] [2025-04-09T02:32:40.530Z] <<< [apiv2][body] GET https://serviceusage.googleapis.com/v1/projects/ajou-project-cafd9/services/artifactregistry.googleapis.com [omitted]
[info] ✔  artifactregistry: required API artifactregistry.googleapis.com is enabled 
[debug] [2025-04-09T02:32:40.530Z] Checked if tokens are valid: true, expires at: 1744168096536
[debug] [2025-04-09T02:32:40.530Z] Checked if tokens are valid: true, expires at: 1744168096536
[debug] [2025-04-09T02:32:40.531Z] >>> [apiv2][query] GET https://firebase.googleapis.com/v1beta1/projects/ajou-project-cafd9/adminSdkConfig [none]
[debug] [2025-04-09T02:32:41.315Z] <<< [apiv2][status] GET https://firebase.googleapis.com/v1beta1/projects/ajou-project-cafd9/adminSdkConfig 200
[debug] [2025-04-09T02:32:41.316Z] <<< [apiv2][body] GET https://firebase.googleapis.com/v1beta1/projects/ajou-project-cafd9/adminSdkConfig {"projectId":"ajou-project-cafd9","storageBucket":"ajou-project-cafd9.firebasestorage.app"}
[debug] [2025-04-09T02:32:41.316Z] Checked if tokens are valid: true, expires at: 1744168096536
[debug] [2025-04-09T02:32:41.317Z] Checked if tokens are valid: true, expires at: 1744168096536
[debug] [2025-04-09T02:32:41.317Z] >>> [apiv2][query] GET https://runtimeconfig.googleapis.com/v1beta1/projects/ajou-project-cafd9/configs [none]
